<component name="libraryTable">
  <library name="junit-4.13">
    <CLASSES>
      <root url="jar:///Library/maven/repository/m2/junit/junit/4.13/junit-4.13.jar!/" />
    </CLASSES>
    <JAVADOC />
    <SOURCES />
  </library>
</component>